2021-01-04 07:36:23,383       [27] DEBUG PayPal.Api.PayPalResource [(null)] Content-Type:application/x-www-form-urlencoded
2021-01-04 07:36:23,422       [27] DEBUG PayPal.Api.PayPalResource [(null)] User-Agent:PayPalSDK/PayPal-NET-SDK 1.9.1 (lang=DOTNET;v=4.5.1;clr=4.0.30319.42000;bit=64;os=Microsoft Windows NT 10.0.18363.0)
2021-01-04 07:36:23,423       [27] DEBUG PayPal.Api.PayPalResource [(null)] Authorization:Basic QVhHb1gzbkJmOFBQY2g2SkVNZ0VsSjMyWEJfRmNEd1BQMEJXNlBObGRyeVg1OGhVRk10UkZrUTV5aHB2bHhzaG5wajNHYmg3b0NhSFpudWM6RUotMzhhSFJ1aXpPclhZVm15eFdpZnI0WC03aGk0Sko5TEVETVFVNklFMnJXaVNhdl9GMVVPeHo3ZmhRSWdhcW5xdW5tVVRGRzQzRlhGTUE=
2021-01-04 07:36:23,423       [27] DEBUG PayPal.Api.PayPalResource [(null)] PayPal-Request-Id:e60929e5-8626-472b-b400-a60310f87ff9
2021-01-04 07:36:23,886       [27] DEBUG PayPal.Api.HttpConnection [(null)] grant_type=client_credentials
2021-01-04 07:36:25,729       [27] DEBUG PayPal.Api.HttpConnection [(null)] Service response: 
2021-01-04 07:36:25,730       [27] DEBUG PayPal.Api.HttpConnection [(null)] {"scope":"https://uri.paypal.com/services/invoicing https://uri.paypal.com/services/disputes/read-buyer https://uri.paypal.com/services/payments/realtimepayment https://uri.paypal.com/services/disputes/update-seller https://uri.paypal.com/services/payments/payment/authcapture openid https://uri.paypal.com/services/disputes/read-seller https://uri.paypal.com/services/payments/refund https://api.paypal.com/v1/vault/credit-card https://api.paypal.com/v1/payments/.* https://uri.paypal.com/payments/payouts https://api.paypal.com/v1/vault/credit-card/.* https://uri.paypal.com/services/subscriptions https://uri.paypal.com/services/applications/webhooks","access_token":"A21AALg1Ssgq_DqkiiBIu-LDmS2o0JKw0eybtHkdUgPyUiqiiZmFOYa-8xcB6_Ezx--24Snq1Owsy3LbMx1041UOEMZ5yvzvg","token_type":"Bearer","app_id":"APP-80W284485P519543T","expires_in":32400,"nonce":"2021-01-04T00:36:25Zi4-BZKQD2J7eLJNb1SxgNj_8GvGM8ZiE88tMBGEAeqE"}
2021-01-04 07:36:25,907       [27] DEBUG PayPal.Api.PayPalResource [(null)] Content-Type:application/json
2021-01-04 07:36:25,908       [27] DEBUG PayPal.Api.PayPalResource [(null)] User-Agent:PayPalSDK/PayPal-NET-SDK 1.9.1 (lang=DOTNET;v=4.5.1;clr=4.0.30319.42000;bit=64;os=Microsoft Windows NT 10.0.18363.0)
2021-01-04 07:36:25,908       [27] DEBUG PayPal.Api.PayPalResource [(null)] Authorization:Bearer A21AALg1Ssgq_DqkiiBIu-LDmS2o0JKw0eybtHkdUgPyUiqiiZmFOYa-8xcB6_Ezx--24Snq1Owsy3LbMx1041UOEMZ5yvzvg
2021-01-04 07:36:25,909       [27] DEBUG PayPal.Api.PayPalResource [(null)] PayPal-Request-Id:4a4176e9-759d-4da5-a27c-b3e71516d9af
2021-01-04 07:36:25,910       [27] DEBUG PayPal.Api.HttpConnection [(null)] {"intent":"sale","payer":{"payment_method":"paypal"},"transactions":[{"amount":{"currency":"USD","total":"42","details":{"subtotal":"40","shipping":"1","tax":"1"}},"description":"V?n chuy?n v? Vi?t Nam","invoice_number":"093d662d-39cd-4f22-b5d3-79f095c3a476","item_list":{"items":[{"sku":"sku","name":"Cafe Sáng","quantity":"2","price":"20","currency":"USD"}]}}],"redirect_urls":{"return_url":"https://localhost:44354/Paypal/PaymentWithPayPal?guid=97251","cancel_url":"https://localhost:44354/Paypal/PaymentWithPayPal?guid=97251"}}
2021-01-04 07:36:27,367       [27] DEBUG PayPal.Api.HttpConnection [(null)] Service response: 
2021-01-04 07:36:27,368       [27] DEBUG PayPal.Api.HttpConnection [(null)] {"id":"PAYID-L7ZGGCY9V935789A9007711D","intent":"sale","state":"created","payer":{"payment_method":"paypal"},"transactions":[{"amount":{"total":"42.00","currency":"USD","details":{"subtotal":"40.00","tax":"1.00","shipping":"1.00"}},"description":"V?n chuy?n v? Vi?t Nam","invoice_number":"093d662d-39cd-4f22-b5d3-79f095c3a476","item_list":{"items":[{"name":"Cafe Sáng","sku":"sku","price":"20.00","currency":"USD","quantity":2}]},"related_resources":[]}],"create_time":"2021-01-04T00:36:26Z","links":[{"href":"https://api.sandbox.paypal.com/v1/payments/payment/PAYID-L7ZGGCY9V935789A9007711D","rel":"self","method":"GET"},{"href":"https://www.sandbox.paypal.com/cgi-bin/webscr?cmd=_express-checkout&token=EC-36L75431TC3800906","rel":"approval_url","method":"REDIRECT"},{"href":"https://api.sandbox.paypal.com/v1/payments/payment/PAYID-L7ZGGCY9V935789A9007711D/execute","rel":"execute","method":"POST"}]}
2021-01-04 07:39:18,328       [33] DEBUG TMDT.Controllers.OrdersController [(null)] rawHash = partnerCode=MOMOVMY620201214&accessKey=YJ3tiYJsEj7DiR8h&requestId=6408a1df-007a-4af3-9243-988cec15fa81&amount=40&orderId=26cdbfd5-1a4d-4f64-b368-4ee95e7ffba7&orderInfo=Ðon hàng t? SHOP TMD04&returnUrl=https://localhost:44354/Orders/ReturnUrl&notifyUrl=https://localhost:44354/Orders/NotifyUrl&extraData=payment
2021-01-04 07:39:18,329       [33] DEBUG TMDT.Controllers.OrdersController [(null)] Signature = 8f4dc35817cfafce4dec1b1d55daae417737e10f9843e989e8f9b4eefe4703c1
2021-01-04 07:39:18,330       [33] DEBUG TMDT.Controllers.OrdersController [(null)] Json request to MoMo: {
  "partnerCode": "MOMOVMY620201214",
  "accessKey": "YJ3tiYJsEj7DiR8h",
  "requestId": "6408a1df-007a-4af3-9243-988cec15fa81",
  "amount": "40",
  "orderId": "26cdbfd5-1a4d-4f64-b368-4ee95e7ffba7",
  "orderInfo": "Ðon hàng t? SHOP TMD04",
  "returnUrl": "https://localhost:44354/Orders/ReturnUrl",
  "notifyUrl": "https://localhost:44354/Orders/NotifyUrl",
  "extraData": "payment",
  "requestType": "captureMoMoWallet",
  "signature": "8f4dc35817cfafce4dec1b1d55daae417737e10f9843e989e8f9b4eefe4703c1"
}
2021-01-04 07:39:18,426       [33] DEBUG TMDT.Controllers.OrdersController [(null)] Return from MoMo: {
  "errorCode": 4,
  "message": "Amount invalid",
  "localMessage": "S? ti?n không h?p l?"
}
2021-01-08 14:04:50,141       [12] DEBUG PayPal.Api.PayPalResource [(null)] Content-Type:application/x-www-form-urlencoded
2021-01-08 14:04:50,161       [12] DEBUG PayPal.Api.PayPalResource [(null)] User-Agent:PayPalSDK/PayPal-NET-SDK 1.9.1 (lang=DOTNET;v=4.5.1;clr=4.0.30319.42000;bit=64;os=Microsoft Windows NT 10.0.18363.0)
2021-01-08 14:04:50,162       [12] DEBUG PayPal.Api.PayPalResource [(null)] Authorization:Basic QVhHb1gzbkJmOFBQY2g2SkVNZ0VsSjMyWEJfRmNEd1BQMEJXNlBObGRyeVg1OGhVRk10UkZrUTV5aHB2bHhzaG5wajNHYmg3b0NhSFpudWM6RUotMzhhSFJ1aXpPclhZVm15eFdpZnI0WC03aGk0Sko5TEVETVFVNklFMnJXaVNhdl9GMVVPeHo3ZmhRSWdhcW5xdW5tVVRGRzQzRlhGTUE=
2021-01-08 14:04:50,162       [12] DEBUG PayPal.Api.PayPalResource [(null)] PayPal-Request-Id:847b13bf-907a-45ae-8059-290586f608df
2021-01-08 14:04:50,564       [12] DEBUG PayPal.Api.HttpConnection [(null)] grant_type=client_credentials
2021-01-08 14:04:52,005       [12] DEBUG PayPal.Api.HttpConnection [(null)] Service response: 
2021-01-08 14:04:52,005       [12] DEBUG PayPal.Api.HttpConnection [(null)] {"scope":"https://uri.paypal.com/services/invoicing https://uri.paypal.com/services/disputes/read-buyer https://uri.paypal.com/services/payments/realtimepayment https://uri.paypal.com/services/disputes/update-seller https://uri.paypal.com/services/payments/payment/authcapture openid https://uri.paypal.com/services/disputes/read-seller https://uri.paypal.com/services/payments/refund https://api.paypal.com/v1/vault/credit-card https://api.paypal.com/v1/payments/.* https://uri.paypal.com/payments/payouts https://api.paypal.com/v1/vault/credit-card/.* https://uri.paypal.com/services/subscriptions https://uri.paypal.com/services/applications/webhooks","access_token":"A21AAKvcSCcobg_I4wdAVS47cKnHb-f6OAy7gDsWbAqPbFfBh6V8I1C-nHT3nD2g0IuSU9Z1CfSe9FZsY5TQxFY50yhv0IuZw","token_type":"Bearer","app_id":"APP-80W284485P519543T","expires_in":32400,"nonce":"2021-01-08T07:04:50ZsoXGWLP1A0Y1lr2ygakIthKoQdLxajFb-GqSzw0fNtw"}
2021-01-08 14:04:52,049       [12] DEBUG PayPal.Api.PayPalResource [(null)] Content-Type:application/json
2021-01-08 14:04:52,049       [12] DEBUG PayPal.Api.PayPalResource [(null)] User-Agent:PayPalSDK/PayPal-NET-SDK 1.9.1 (lang=DOTNET;v=4.5.1;clr=4.0.30319.42000;bit=64;os=Microsoft Windows NT 10.0.18363.0)
2021-01-08 14:04:52,050       [12] DEBUG PayPal.Api.PayPalResource [(null)] Authorization:Bearer A21AAKvcSCcobg_I4wdAVS47cKnHb-f6OAy7gDsWbAqPbFfBh6V8I1C-nHT3nD2g0IuSU9Z1CfSe9FZsY5TQxFY50yhv0IuZw
2021-01-08 14:04:52,050       [12] DEBUG PayPal.Api.PayPalResource [(null)] PayPal-Request-Id:4903c5d3-b564-40b1-a8c3-673f99cf1b7f
2021-01-08 14:04:52,050       [12] DEBUG PayPal.Api.HttpConnection [(null)] {"intent":"sale","payer":{"payment_method":"paypal"},"transactions":[{"amount":{"currency":"USD","total":"62","details":{"subtotal":"60","shipping":"1","tax":"1"}},"description":"V?n chuy?n v? Vi?t Nam","invoice_number":"0335e80f-c77f-44de-ae20-ef59d95a4729","item_list":{"items":[{"sku":"sku","name":"Cafe Trua","quantity":"1","price":"20","currency":"USD"},{"sku":"sku","name":"Cafe Trua","quantity":"1","price":"20","currency":"USD"},{"sku":"sku","name":"Cafe M?i","quantity":"1","price":"20","currency":"USD"}]}}],"redirect_urls":{"return_url":"https://localhost:44354/Paypal/PaymentWithPayPal?guid=12998","cancel_url":"https://localhost:44354/Paypal/PaymentWithPayPal?guid=12998"}}
2021-01-08 14:04:53,271       [12] DEBUG PayPal.Api.HttpConnection [(null)] Service response: 
2021-01-08 14:04:53,272       [12] DEBUG PayPal.Api.HttpConnection [(null)] {"id":"PAYID-L74AIFA2P487315VV7333745","intent":"sale","state":"created","payer":{"payment_method":"paypal"},"transactions":[{"amount":{"total":"62.00","currency":"USD","details":{"subtotal":"60.00","tax":"1.00","shipping":"1.00"}},"description":"V?n chuy?n v? Vi?t Nam","invoice_number":"0335e80f-c77f-44de-ae20-ef59d95a4729","item_list":{"items":[{"name":"Cafe Trua","sku":"sku","price":"20.00","currency":"USD","quantity":1},{"name":"Cafe Trua","sku":"sku","price":"20.00","currency":"USD","quantity":1},{"name":"Cafe M?i","sku":"sku","price":"20.00","currency":"USD","quantity":1}]},"related_resources":[]}],"create_time":"2021-01-08T07:04:51Z","links":[{"href":"https://api.sandbox.paypal.com/v1/payments/payment/PAYID-L74AIFA2P487315VV7333745","rel":"self","method":"GET"},{"href":"https://www.sandbox.paypal.com/cgi-bin/webscr?cmd=_express-checkout&token=EC-81M69910VS4832916","rel":"approval_url","method":"REDIRECT"},{"href":"https://api.sandbox.paypal.com/v1/payments/payment/PAYID-L74AIFA2P487315VV7333745/execute","rel":"execute","method":"POST"}]}
2021-01-08 14:06:31,661       [9] DEBUG PayPal.Api.PayPalResource [(null)] Content-Type:application/x-www-form-urlencoded
2021-01-08 14:06:31,661       [9] DEBUG PayPal.Api.PayPalResource [(null)] User-Agent:PayPalSDK/PayPal-NET-SDK 1.9.1 (lang=DOTNET;v=4.5.1;clr=4.0.30319.42000;bit=64;os=Microsoft Windows NT 10.0.18363.0)
2021-01-08 14:06:31,661       [9] DEBUG PayPal.Api.PayPalResource [(null)] Authorization:Basic QVhHb1gzbkJmOFBQY2g2SkVNZ0VsSjMyWEJfRmNEd1BQMEJXNlBObGRyeVg1OGhVRk10UkZrUTV5aHB2bHhzaG5wajNHYmg3b0NhSFpudWM6RUotMzhhSFJ1aXpPclhZVm15eFdpZnI0WC03aGk0Sko5TEVETVFVNklFMnJXaVNhdl9GMVVPeHo3ZmhRSWdhcW5xdW5tVVRGRzQzRlhGTUE=
2021-01-08 14:06:31,661       [9] DEBUG PayPal.Api.PayPalResource [(null)] PayPal-Request-Id:aa8a66ac-0047-478f-abea-749350c05755
2021-01-08 14:06:31,903       [9] DEBUG PayPal.Api.HttpConnection [(null)] grant_type=client_credentials
2021-01-08 14:06:32,913       [9] DEBUG PayPal.Api.HttpConnection [(null)] Service response: 
2021-01-08 14:06:32,913       [9] DEBUG PayPal.Api.HttpConnection [(null)] {"scope":"https://uri.paypal.com/services/invoicing https://uri.paypal.com/services/disputes/read-buyer https://uri.paypal.com/services/payments/realtimepayment https://uri.paypal.com/services/disputes/update-seller https://uri.paypal.com/services/payments/payment/authcapture openid https://uri.paypal.com/services/disputes/read-seller https://uri.paypal.com/services/payments/refund https://api.paypal.com/v1/vault/credit-card https://api.paypal.com/v1/payments/.* https://uri.paypal.com/payments/payouts https://api.paypal.com/v1/vault/credit-card/.* https://uri.paypal.com/services/subscriptions https://uri.paypal.com/services/applications/webhooks","access_token":"A21AAKvcSCcobg_I4wdAVS47cKnHb-f6OAy7gDsWbAqPbFfBh6V8I1C-nHT3nD2g0IuSU9Z1CfSe9FZsY5TQxFY50yhv0IuZw","token_type":"Bearer","app_id":"APP-80W284485P519543T","expires_in":32299,"nonce":"2021-01-08T07:04:50ZsoXGWLP1A0Y1lr2ygakIthKoQdLxajFb-GqSzw0fNtw"}
2021-01-08 14:06:32,916       [9] DEBUG PayPal.Api.PayPalResource [(null)] Content-Type:application/json
2021-01-08 14:06:32,916       [9] DEBUG PayPal.Api.PayPalResource [(null)] User-Agent:PayPalSDK/PayPal-NET-SDK 1.9.1 (lang=DOTNET;v=4.5.1;clr=4.0.30319.42000;bit=64;os=Microsoft Windows NT 10.0.18363.0)
2021-01-08 14:06:32,916       [9] DEBUG PayPal.Api.PayPalResource [(null)] Authorization:Bearer A21AAKvcSCcobg_I4wdAVS47cKnHb-f6OAy7gDsWbAqPbFfBh6V8I1C-nHT3nD2g0IuSU9Z1CfSe9FZsY5TQxFY50yhv0IuZw
2021-01-08 14:06:32,917       [9] DEBUG PayPal.Api.PayPalResource [(null)] PayPal-Request-Id:26f532bd-0a9a-4599-a7b9-604ef6e25a99
2021-01-08 14:06:32,917       [9] DEBUG PayPal.Api.HttpConnection [(null)] {"payer_id":"4376PYTAUT9SA"}
2021-01-08 14:06:35,416       [9] DEBUG PayPal.Api.HttpConnection [(null)] Service response: 
2021-01-08 14:06:35,417       [9] DEBUG PayPal.Api.HttpConnection [(null)] {"id":"PAYID-L74AIFA2P487315VV7333745","intent":"sale","state":"approved","cart":"81M69910VS4832916","payer":{"payment_method":"paypal","status":"VERIFIED","payer_info":{"email":"sb-47ozfc4533060@personal.example.com","first_name":"John","last_name":"Doe","payer_id":"4376PYTAUT9SA","shipping_address":{"recipient_name":"John Doe","line1":"1 Main St","city":"San Jose","state":"CA","postal_code":"95131","country_code":"US"},"country_code":"US"}},"transactions":[{"amount":{"total":"62.00","currency":"USD","details":{"subtotal":"60.00","tax":"1.00","shipping":"1.00","insurance":"0.00","handling_fee":"0.00","shipping_discount":"0.00","discount":"0.00"}},"payee":{"merchant_id":"PXAX9NWMDRUHW","email":"sb-w8p43m2675022@business.example.com"},"description":"V?n chuy?n v? Vi?t Nam","invoice_number":"0335e80f-c77f-44de-ae20-ef59d95a4729","item_list":{"items":[{"name":"Cafe Trua","sku":"sku","price":"20.00","currency":"USD","tax":"0.00","quantity":1},{"name":"Cafe Trua","sku":"sku","price":"20.00","currency":"USD","tax":"0.00","quantity":1},{"name":"Cafe M?i","sku":"sku","price":"20.00","currency":"USD","tax":"0.00","quantity":1}],"shipping_address":{"recipient_name":"John Doe","line1":"1 Main St","city":"San Jose","state":"CA","postal_code":"95131","country_code":"US"}},"related_resources":[{"sale":{"id":"87C18015X63681718","state":"completed","amount":{"total":"62.00","currency":"USD","details":{"subtotal":"60.00","tax":"1.00","shipping":"1.00","insurance":"0.00","handling_fee":"0.00","shipping_discount":"0.00","discount":"0.00"}},"payment_mode":"INSTANT_TRANSFER","protection_eligibility":"ELIGIBLE","protection_eligibility_type":"ITEM_NOT_RECEIVED_ELIGIBLE,UNAUTHORIZED_PAYMENT_ELIGIBLE","transaction_fee":{"value":"2.10","currency":"USD"},"parent_payment":"PAYID-L74AIFA2P487315VV7333745","create_time":"2021-01-08T07:06:33Z","update_time":"2021-01-08T07:06:33Z","links":[{"href":"https://api.sandbox.paypal.com/v1/payments/sale/87C18015X63681718","rel":"self","method":"GET"},{"href":"https://api.sandbox.paypal.com/v1/payments/sale/87C18015X63681718/refund","rel":"refund","method":"POST"},{"href":"https://api.sandbox.paypal.com/v1/payments/payment/PAYID-L74AIFA2P487315VV7333745","rel":"parent_payment","method":"GET"}]}}]}],"failed_transactions":[],"create_time":"2021-01-08T07:04:51Z","update_time":"2021-01-08T07:06:33Z","links":[{"href":"https://api.sandbox.paypal.com/v1/payments/payment/PAYID-L74AIFA2P487315VV7333745","rel":"self","method":"GET"}]}
2021-01-08 14:09:11,924       [9] DEBUG PayPal.Api.PayPalResource [(null)] Content-Type:application/x-www-form-urlencoded
2021-01-08 14:09:11,924       [9] DEBUG PayPal.Api.PayPalResource [(null)] User-Agent:PayPalSDK/PayPal-NET-SDK 1.9.1 (lang=DOTNET;v=4.5.1;clr=4.0.30319.42000;bit=64;os=Microsoft Windows NT 10.0.18363.0)
2021-01-08 14:09:11,924       [9] DEBUG PayPal.Api.PayPalResource [(null)] Authorization:Basic QVhHb1gzbkJmOFBQY2g2SkVNZ0VsSjMyWEJfRmNEd1BQMEJXNlBObGRyeVg1OGhVRk10UkZrUTV5aHB2bHhzaG5wajNHYmg3b0NhSFpudWM6RUotMzhhSFJ1aXpPclhZVm15eFdpZnI0WC03aGk0Sko5TEVETVFVNklFMnJXaVNhdl9GMVVPeHo3ZmhRSWdhcW5xdW5tVVRGRzQzRlhGTUE=
2021-01-08 14:09:11,925       [9] DEBUG PayPal.Api.PayPalResource [(null)] PayPal-Request-Id:a0c2ee02-634f-42f3-9087-fd6ec191aefe
2021-01-08 14:09:12,219       [9] DEBUG PayPal.Api.HttpConnection [(null)] grant_type=client_credentials
2021-01-08 14:09:13,427       [9] DEBUG PayPal.Api.HttpConnection [(null)] Service response: 
2021-01-08 14:09:13,428       [9] DEBUG PayPal.Api.HttpConnection [(null)] {"scope":"https://uri.paypal.com/services/invoicing https://uri.paypal.com/services/disputes/read-buyer https://uri.paypal.com/services/payments/realtimepayment https://uri.paypal.com/services/disputes/update-seller https://uri.paypal.com/services/payments/payment/authcapture openid https://uri.paypal.com/services/disputes/read-seller https://uri.paypal.com/services/payments/refund https://api.paypal.com/v1/vault/credit-card https://api.paypal.com/v1/payments/.* https://uri.paypal.com/payments/payouts https://api.paypal.com/v1/vault/credit-card/.* https://uri.paypal.com/services/subscriptions https://uri.paypal.com/services/applications/webhooks","access_token":"A21AAKvcSCcobg_I4wdAVS47cKnHb-f6OAy7gDsWbAqPbFfBh6V8I1C-nHT3nD2g0IuSU9Z1CfSe9FZsY5TQxFY50yhv0IuZw","token_type":"Bearer","app_id":"APP-80W284485P519543T","expires_in":32138,"nonce":"2021-01-08T07:04:50ZsoXGWLP1A0Y1lr2ygakIthKoQdLxajFb-GqSzw0fNtw"}
2021-01-08 14:09:13,428       [9] DEBUG PayPal.Api.PayPalResource [(null)] Content-Type:application/json
2021-01-08 14:09:13,429       [9] DEBUG PayPal.Api.PayPalResource [(null)] User-Agent:PayPalSDK/PayPal-NET-SDK 1.9.1 (lang=DOTNET;v=4.5.1;clr=4.0.30319.42000;bit=64;os=Microsoft Windows NT 10.0.18363.0)
2021-01-08 14:09:13,429       [9] DEBUG PayPal.Api.PayPalResource [(null)] Authorization:Bearer A21AAKvcSCcobg_I4wdAVS47cKnHb-f6OAy7gDsWbAqPbFfBh6V8I1C-nHT3nD2g0IuSU9Z1CfSe9FZsY5TQxFY50yhv0IuZw
2021-01-08 14:09:13,429       [9] DEBUG PayPal.Api.PayPalResource [(null)] PayPal-Request-Id:822c9cd6-725c-4618-8839-4ab721922917
2021-01-08 14:09:13,429       [9] DEBUG PayPal.Api.HttpConnection [(null)] {"payer_id":"4376PYTAUT9SA"}
2021-01-08 14:09:14,144       [9] ERROR PayPal.Api.HttpConnection [(null)] Error response:
2021-01-08 14:09:14,144       [9] ERROR PayPal.Api.HttpConnection [(null)] {"name":"PAYMENT_ALREADY_DONE","message":"Payment has been done already for this cart.","information_link":"https://developer.paypal.com/docs/api/payments/#errors","debug_id":"a989eb2cfdfd5"}
2021-01-08 14:09:14,144       [9] ERROR PayPal.Api.HttpConnection [(null)] The remote server returned an error: (400) Bad Request.
2021-01-08 14:09:14,147       [9] ERROR PayPal.PayPalException [(null)] Payments Exception: 
   Error:    PAYMENT_ALREADY_DONE
   Message:  Payment has been done already for this cart.
   URI:      https://developer.paypal.com/docs/api/payments/#errors
   Debug ID: a989eb2cfdfd5

2021-01-08 14:10:02,444       [9] DEBUG PayPal.Api.PayPalResource [(null)] Content-Type:application/x-www-form-urlencoded
2021-01-08 14:10:02,445       [9] DEBUG PayPal.Api.PayPalResource [(null)] User-Agent:PayPalSDK/PayPal-NET-SDK 1.9.1 (lang=DOTNET;v=4.5.1;clr=4.0.30319.42000;bit=64;os=Microsoft Windows NT 10.0.18363.0)
2021-01-08 14:10:02,445       [9] DEBUG PayPal.Api.PayPalResource [(null)] Authorization:Basic QVhHb1gzbkJmOFBQY2g2SkVNZ0VsSjMyWEJfRmNEd1BQMEJXNlBObGRyeVg1OGhVRk10UkZrUTV5aHB2bHhzaG5wajNHYmg3b0NhSFpudWM6RUotMzhhSFJ1aXpPclhZVm15eFdpZnI0WC03aGk0Sko5TEVETVFVNklFMnJXaVNhdl9GMVVPeHo3ZmhRSWdhcW5xdW5tVVRGRzQzRlhGTUE=
2021-01-08 14:10:02,445       [9] DEBUG PayPal.Api.PayPalResource [(null)] PayPal-Request-Id:24f2dcab-13e3-48e6-947b-e920997cfb83
2021-01-08 14:10:02,445       [9] DEBUG PayPal.Api.HttpConnection [(null)] grant_type=client_credentials
2021-01-08 14:10:03,072       [9] DEBUG PayPal.Api.HttpConnection [(null)] Service response: 
2021-01-08 14:10:03,072       [9] DEBUG PayPal.Api.HttpConnection [(null)] {"scope":"https://uri.paypal.com/services/invoicing https://uri.paypal.com/services/disputes/read-buyer https://uri.paypal.com/services/payments/realtimepayment https://uri.paypal.com/services/disputes/update-seller https://uri.paypal.com/services/payments/payment/authcapture openid https://uri.paypal.com/services/disputes/read-seller https://uri.paypal.com/services/payments/refund https://api.paypal.com/v1/vault/credit-card https://api.paypal.com/v1/payments/.* https://uri.paypal.com/payments/payouts https://api.paypal.com/v1/vault/credit-card/.* https://uri.paypal.com/services/subscriptions https://uri.paypal.com/services/applications/webhooks","access_token":"A21AAKvcSCcobg_I4wdAVS47cKnHb-f6OAy7gDsWbAqPbFfBh6V8I1C-nHT3nD2g0IuSU9Z1CfSe9FZsY5TQxFY50yhv0IuZw","token_type":"Bearer","app_id":"APP-80W284485P519543T","expires_in":32089,"nonce":"2021-01-08T07:04:50ZsoXGWLP1A0Y1lr2ygakIthKoQdLxajFb-GqSzw0fNtw"}
2021-01-08 14:10:03,072       [9] DEBUG PayPal.Api.PayPalResource [(null)] Content-Type:application/json
2021-01-08 14:10:03,073       [9] DEBUG PayPal.Api.PayPalResource [(null)] User-Agent:PayPalSDK/PayPal-NET-SDK 1.9.1 (lang=DOTNET;v=4.5.1;clr=4.0.30319.42000;bit=64;os=Microsoft Windows NT 10.0.18363.0)
2021-01-08 14:10:03,073       [9] DEBUG PayPal.Api.PayPalResource [(null)] Authorization:Bearer A21AAKvcSCcobg_I4wdAVS47cKnHb-f6OAy7gDsWbAqPbFfBh6V8I1C-nHT3nD2g0IuSU9Z1CfSe9FZsY5TQxFY50yhv0IuZw
2021-01-08 14:10:03,073       [9] DEBUG PayPal.Api.PayPalResource [(null)] PayPal-Request-Id:33dc944e-908a-4dbe-8b41-931c93e55c56
2021-01-08 14:10:03,073       [9] DEBUG PayPal.Api.HttpConnection [(null)] {"intent":"sale","payer":{"payment_method":"paypal"},"transactions":[{"amount":{"currency":"USD","total":"62","details":{"subtotal":"60","shipping":"1","tax":"1"}},"description":"V?n chuy?n v? Vi?t Nam","invoice_number":"05511372-5a34-4bed-b0d3-a5fa69c643e1","item_list":{"items":[{"sku":"sku","name":"Cafe Trua","quantity":"1","price":"20","currency":"USD"},{"sku":"sku","name":"Cafe Trua","quantity":"1","price":"20","currency":"USD"},{"sku":"sku","name":"Cafe M?i","quantity":"1","price":"20","currency":"USD"}]}}],"redirect_urls":{"return_url":"https://localhost:44354/Paypal/PaymentWithPayPal?guid=15187","cancel_url":"https://localhost:44354/Paypal/PaymentWithPayPal?guid=15187"}}
2021-01-08 14:10:04,319       [9] DEBUG PayPal.Api.HttpConnection [(null)] Service response: 
2021-01-08 14:10:04,319       [9] DEBUG PayPal.Api.HttpConnection [(null)] {"id":"PAYID-L74AKSY85D567015B3894546","intent":"sale","state":"created","payer":{"payment_method":"paypal"},"transactions":[{"amount":{"total":"62.00","currency":"USD","details":{"subtotal":"60.00","tax":"1.00","shipping":"1.00"}},"description":"V?n chuy?n v? Vi?t Nam","invoice_number":"05511372-5a34-4bed-b0d3-a5fa69c643e1","item_list":{"items":[{"name":"Cafe Trua","sku":"sku","price":"20.00","currency":"USD","quantity":1},{"name":"Cafe Trua","sku":"sku","price":"20.00","currency":"USD","quantity":1},{"name":"Cafe M?i","sku":"sku","price":"20.00","currency":"USD","quantity":1}]},"related_resources":[]}],"create_time":"2021-01-08T07:10:02Z","links":[{"href":"https://api.sandbox.paypal.com/v1/payments/payment/PAYID-L74AKSY85D567015B3894546","rel":"self","method":"GET"},{"href":"https://www.sandbox.paypal.com/cgi-bin/webscr?cmd=_express-checkout&token=EC-85P21694UR335572B","rel":"approval_url","method":"REDIRECT"},{"href":"https://api.sandbox.paypal.com/v1/payments/payment/PAYID-L74AKSY85D567015B3894546/execute","rel":"execute","method":"POST"}]}
2021-01-08 14:10:19,225       [12] DEBUG PayPal.Api.PayPalResource [(null)] Content-Type:application/x-www-form-urlencoded
2021-01-08 14:10:19,226       [12] DEBUG PayPal.Api.PayPalResource [(null)] User-Agent:PayPalSDK/PayPal-NET-SDK 1.9.1 (lang=DOTNET;v=4.5.1;clr=4.0.30319.42000;bit=64;os=Microsoft Windows NT 10.0.18363.0)
2021-01-08 14:10:19,226       [12] DEBUG PayPal.Api.PayPalResource [(null)] Authorization:Basic QVhHb1gzbkJmOFBQY2g2SkVNZ0VsSjMyWEJfRmNEd1BQMEJXNlBObGRyeVg1OGhVRk10UkZrUTV5aHB2bHhzaG5wajNHYmg3b0NhSFpudWM6RUotMzhhSFJ1aXpPclhZVm15eFdpZnI0WC03aGk0Sko5TEVETVFVNklFMnJXaVNhdl9GMVVPeHo3ZmhRSWdhcW5xdW5tVVRGRzQzRlhGTUE=
2021-01-08 14:10:19,226       [12] DEBUG PayPal.Api.PayPalResource [(null)] PayPal-Request-Id:f5f66a75-58a6-4a40-9f52-59e730717fac
2021-01-08 14:10:19,226       [12] DEBUG PayPal.Api.HttpConnection [(null)] grant_type=client_credentials
2021-01-08 14:10:19,844       [12] DEBUG PayPal.Api.HttpConnection [(null)] Service response: 
2021-01-08 14:10:19,844       [12] DEBUG PayPal.Api.HttpConnection [(null)] {"scope":"https://uri.paypal.com/services/invoicing https://uri.paypal.com/services/disputes/read-buyer https://uri.paypal.com/services/payments/realtimepayment https://uri.paypal.com/services/disputes/update-seller https://uri.paypal.com/services/payments/payment/authcapture openid https://uri.paypal.com/services/disputes/read-seller https://uri.paypal.com/services/payments/refund https://api.paypal.com/v1/vault/credit-card https://api.paypal.com/v1/payments/.* https://uri.paypal.com/payments/payouts https://api.paypal.com/v1/vault/credit-card/.* https://uri.paypal.com/services/subscriptions https://uri.paypal.com/services/applications/webhooks","access_token":"A21AAKvcSCcobg_I4wdAVS47cKnHb-f6OAy7gDsWbAqPbFfBh6V8I1C-nHT3nD2g0IuSU9Z1CfSe9FZsY5TQxFY50yhv0IuZw","token_type":"Bearer","app_id":"APP-80W284485P519543T","expires_in":32072,"nonce":"2021-01-08T07:04:50ZsoXGWLP1A0Y1lr2ygakIthKoQdLxajFb-GqSzw0fNtw"}
2021-01-08 14:10:19,845       [12] DEBUG PayPal.Api.PayPalResource [(null)] Content-Type:application/json
2021-01-08 14:10:19,845       [12] DEBUG PayPal.Api.PayPalResource [(null)] User-Agent:PayPalSDK/PayPal-NET-SDK 1.9.1 (lang=DOTNET;v=4.5.1;clr=4.0.30319.42000;bit=64;os=Microsoft Windows NT 10.0.18363.0)
2021-01-08 14:10:19,845       [12] DEBUG PayPal.Api.PayPalResource [(null)] Authorization:Bearer A21AAKvcSCcobg_I4wdAVS47cKnHb-f6OAy7gDsWbAqPbFfBh6V8I1C-nHT3nD2g0IuSU9Z1CfSe9FZsY5TQxFY50yhv0IuZw
2021-01-08 14:10:19,845       [12] DEBUG PayPal.Api.PayPalResource [(null)] PayPal-Request-Id:745200e1-c5a0-4493-bd84-9bb01d19708d
2021-01-08 14:10:19,845       [12] DEBUG PayPal.Api.HttpConnection [(null)] {"payer_id":"4376PYTAUT9SA"}
2021-01-08 14:10:22,107       [12] DEBUG PayPal.Api.HttpConnection [(null)] Service response: 
2021-01-08 14:10:22,108       [12] DEBUG PayPal.Api.HttpConnection [(null)] {"id":"PAYID-L74AKSY85D567015B3894546","intent":"sale","state":"approved","cart":"85P21694UR335572B","payer":{"payment_method":"paypal","status":"VERIFIED","payer_info":{"email":"sb-47ozfc4533060@personal.example.com","first_name":"John","last_name":"Doe","payer_id":"4376PYTAUT9SA","shipping_address":{"recipient_name":"John Doe","line1":"1 Main St","city":"San Jose","state":"CA","postal_code":"95131","country_code":"US"},"country_code":"US"}},"transactions":[{"amount":{"total":"62.00","currency":"USD","details":{"subtotal":"60.00","tax":"1.00","shipping":"1.00","insurance":"0.00","handling_fee":"0.00","shipping_discount":"0.00","discount":"0.00"}},"payee":{"merchant_id":"PXAX9NWMDRUHW","email":"sb-w8p43m2675022@business.example.com"},"description":"V?n chuy?n v? Vi?t Nam","invoice_number":"05511372-5a34-4bed-b0d3-a5fa69c643e1","item_list":{"items":[{"name":"Cafe Trua","sku":"sku","price":"20.00","currency":"USD","tax":"0.00","quantity":1},{"name":"Cafe Trua","sku":"sku","price":"20.00","currency":"USD","tax":"0.00","quantity":1},{"name":"Cafe M?i","sku":"sku","price":"20.00","currency":"USD","tax":"0.00","quantity":1}],"shipping_address":{"recipient_name":"John Doe","line1":"1 Main St","city":"San Jose","state":"CA","postal_code":"95131","country_code":"US"}},"related_resources":[{"sale":{"id":"29Y36430YT681793R","state":"completed","amount":{"total":"62.00","currency":"USD","details":{"subtotal":"60.00","tax":"1.00","shipping":"1.00","insurance":"0.00","handling_fee":"0.00","shipping_discount":"0.00","discount":"0.00"}},"payment_mode":"INSTANT_TRANSFER","protection_eligibility":"ELIGIBLE","protection_eligibility_type":"ITEM_NOT_RECEIVED_ELIGIBLE,UNAUTHORIZED_PAYMENT_ELIGIBLE","transaction_fee":{"value":"2.10","currency":"USD"},"parent_payment":"PAYID-L74AKSY85D567015B3894546","create_time":"2021-01-08T07:10:20Z","update_time":"2021-01-08T07:10:20Z","links":[{"href":"https://api.sandbox.paypal.com/v1/payments/sale/29Y36430YT681793R","rel":"self","method":"GET"},{"href":"https://api.sandbox.paypal.com/v1/payments/sale/29Y36430YT681793R/refund","rel":"refund","method":"POST"},{"href":"https://api.sandbox.paypal.com/v1/payments/payment/PAYID-L74AKSY85D567015B3894546","rel":"parent_payment","method":"GET"}]}}]}],"failed_transactions":[],"create_time":"2021-01-08T07:10:02Z","update_time":"2021-01-08T07:10:20Z","links":[{"href":"https://api.sandbox.paypal.com/v1/payments/payment/PAYID-L74AKSY85D567015B3894546","rel":"self","method":"GET"}]}
2021-01-08 14:11:16,229       [15] DEBUG TMDT.Controllers.OrdersController [(null)] rawHash = partnerCode=MOMOVMY620201214&accessKey=YJ3tiYJsEj7DiR8h&requestId=dba3ea09-2b92-41c5-8dd0-142121950364&amount=60&orderId=3974aa92-e7be-4d1a-b523-195a874041ec&orderInfo=Ðon hàng t? SHOP TMD04&returnUrl=https://localhost:44354/Orders/ReturnUrl&notifyUrl=https://localhost:44354/Orders/NotifyUrl&extraData=payment
2021-01-08 14:11:16,230       [15] DEBUG TMDT.Controllers.OrdersController [(null)] Signature = b15901bbaef0ae3442164bba358176993bda68a5c862262700163be7f2a76135
2021-01-08 14:11:16,230       [15] DEBUG TMDT.Controllers.OrdersController [(null)] Json request to MoMo: {
  "partnerCode": "MOMOVMY620201214",
  "accessKey": "YJ3tiYJsEj7DiR8h",
  "requestId": "dba3ea09-2b92-41c5-8dd0-142121950364",
  "amount": "60",
  "orderId": "3974aa92-e7be-4d1a-b523-195a874041ec",
  "orderInfo": "Ðon hàng t? SHOP TMD04",
  "returnUrl": "https://localhost:44354/Orders/ReturnUrl",
  "notifyUrl": "https://localhost:44354/Orders/NotifyUrl",
  "extraData": "payment",
  "requestType": "captureMoMoWallet",
  "signature": "b15901bbaef0ae3442164bba358176993bda68a5c862262700163be7f2a76135"
}
2021-01-08 14:11:17,160       [15] DEBUG TMDT.Controllers.OrdersController [(null)] Return from MoMo: {
  "errorCode": 4,
  "message": "Amount invalid",
  "localMessage": "S? ti?n không h?p l?"
}
2021-01-08 14:11:45,129       [12] DEBUG TMDT.Controllers.OrdersController [(null)] rawHash = partnerCode=MOMOVMY620201214&accessKey=YJ3tiYJsEj7DiR8h&requestId=83dd78e5-f4b8-4395-96be-a8bda636d00c&amount=60&orderId=d42548de-c575-4a7d-9512-dd58e19b11a3&orderInfo=Ðon hàng t? SHOP TMD04&returnUrl=https://localhost:44354/Orders/ReturnUrl&notifyUrl=https://localhost:44354/Orders/NotifyUrl&extraData=payment
2021-01-08 14:11:45,130       [12] DEBUG TMDT.Controllers.OrdersController [(null)] Signature = ed49db69b4b74e28cafaf68b78134c0e90103f61d4a4c4333119232d5036036b
2021-01-08 14:11:45,130       [12] DEBUG TMDT.Controllers.OrdersController [(null)] Json request to MoMo: {
  "partnerCode": "MOMOVMY620201214",
  "accessKey": "YJ3tiYJsEj7DiR8h",
  "requestId": "83dd78e5-f4b8-4395-96be-a8bda636d00c",
  "amount": "60",
  "orderId": "d42548de-c575-4a7d-9512-dd58e19b11a3",
  "orderInfo": "Ðon hàng t? SHOP TMD04",
  "returnUrl": "https://localhost:44354/Orders/ReturnUrl",
  "notifyUrl": "https://localhost:44354/Orders/NotifyUrl",
  "extraData": "payment",
  "requestType": "captureMoMoWallet",
  "signature": "ed49db69b4b74e28cafaf68b78134c0e90103f61d4a4c4333119232d5036036b"
}
2021-01-08 14:11:46,157       [12] DEBUG TMDT.Controllers.OrdersController [(null)] Return from MoMo: {
  "errorCode": 4,
  "message": "Amount invalid",
  "localMessage": "S? ti?n không h?p l?"
}
2021-01-08 16:06:21,443       [43] DEBUG PayPal.Api.PayPalResource [(null)] Content-Type:application/x-www-form-urlencoded
2021-01-08 16:06:21,487       [43] DEBUG PayPal.Api.PayPalResource [(null)] User-Agent:PayPalSDK/PayPal-NET-SDK 1.9.1 (lang=DOTNET;v=4.5.1;clr=4.0.30319.42000;bit=64;os=Microsoft Windows NT 10.0.18363.0)
2021-01-08 16:06:21,488       [43] DEBUG PayPal.Api.PayPalResource [(null)] Authorization:Basic QVhHb1gzbkJmOFBQY2g2SkVNZ0VsSjMyWEJfRmNEd1BQMEJXNlBObGRyeVg1OGhVRk10UkZrUTV5aHB2bHhzaG5wajNHYmg3b0NhSFpudWM6RUotMzhhSFJ1aXpPclhZVm15eFdpZnI0WC03aGk0Sko5TEVETVFVNklFMnJXaVNhdl9GMVVPeHo3ZmhRSWdhcW5xdW5tVVRGRzQzRlhGTUE=
2021-01-08 16:06:21,488       [43] DEBUG PayPal.Api.PayPalResource [(null)] PayPal-Request-Id:d22c4ec9-e07b-4675-901a-37e9c06d8107
2021-01-08 16:06:21,790       [43] DEBUG PayPal.Api.HttpConnection [(null)] grant_type=client_credentials
2021-01-08 16:06:23,222       [43] DEBUG PayPal.Api.HttpConnection [(null)] Service response: 
2021-01-08 16:06:23,223       [43] DEBUG PayPal.Api.HttpConnection [(null)] {"scope":"https://uri.paypal.com/services/invoicing https://uri.paypal.com/services/disputes/read-buyer https://uri.paypal.com/services/payments/realtimepayment https://uri.paypal.com/services/disputes/update-seller https://uri.paypal.com/services/payments/payment/authcapture openid https://uri.paypal.com/services/disputes/read-seller https://uri.paypal.com/services/payments/refund https://api.paypal.com/v1/vault/credit-card https://api.paypal.com/v1/payments/.* https://uri.paypal.com/payments/payouts https://api.paypal.com/v1/vault/credit-card/.* https://uri.paypal.com/services/subscriptions https://uri.paypal.com/services/applications/webhooks","access_token":"A21AALY6nUBk-9KRPISwkm1z-zNR6tu1twu84T-PKEF5kg0ElS9Yti6cAHj_gIP1yITPZqTzqX0NhDPbDmfc0uDRbp-0Cr8eg","token_type":"Bearer","app_id":"APP-80W284485P519543T","expires_in":32400,"nonce":"2021-01-08T09:06:22Z1v8rU_NjH6sE273v9X-UkSaRAb581kGpzKSAEz-lhNY"}
2021-01-08 16:06:23,348       [43] DEBUG PayPal.Api.PayPalResource [(null)] Content-Type:application/json
2021-01-08 16:06:23,348       [43] DEBUG PayPal.Api.PayPalResource [(null)] User-Agent:PayPalSDK/PayPal-NET-SDK 1.9.1 (lang=DOTNET;v=4.5.1;clr=4.0.30319.42000;bit=64;os=Microsoft Windows NT 10.0.18363.0)
2021-01-08 16:06:23,349       [43] DEBUG PayPal.Api.PayPalResource [(null)] Authorization:Bearer A21AALY6nUBk-9KRPISwkm1z-zNR6tu1twu84T-PKEF5kg0ElS9Yti6cAHj_gIP1yITPZqTzqX0NhDPbDmfc0uDRbp-0Cr8eg
2021-01-08 16:06:23,349       [43] DEBUG PayPal.Api.PayPalResource [(null)] PayPal-Request-Id:aac1bb24-db4a-4c46-93fc-61c37f0c9060
2021-01-08 16:06:23,350       [43] DEBUG PayPal.Api.HttpConnection [(null)] {"intent":"sale","payer":{"payment_method":"paypal"},"transactions":[{"amount":{"currency":"USD","total":"157","details":{"subtotal":"155","shipping":"1","tax":"1"}},"description":"V?n chuy?n v? Vi?t Nam","invoice_number":"5a7e994b-44ee-4383-af20-dc521064ddb9","item_list":{"items":[{"sku":"sku","name":"N?u an cùng m?","quantity":"3","price":"45","currency":"USD"},{"sku":"sku","name":"Funiture Design ","quantity":"1","price":"20","currency":"USD"}]}}],"redirect_urls":{"return_url":"https://localhost:44354/Paypal/PaymentWithPayPal?guid=86569","cancel_url":"https://localhost:44354/Paypal/PaymentWithPayPal?guid=86569"}}
2021-01-08 16:06:24,655       [43] DEBUG PayPal.Api.HttpConnection [(null)] Service response: 
2021-01-08 16:06:24,655       [43] DEBUG PayPal.Api.HttpConnection [(null)] {"id":"PAYID-L74CBDY99J12249U80831212","intent":"sale","state":"created","payer":{"payment_method":"paypal"},"transactions":[{"amount":{"total":"157.00","currency":"USD","details":{"subtotal":"155.00","tax":"1.00","shipping":"1.00"}},"description":"V?n chuy?n v? Vi?t Nam","invoice_number":"5a7e994b-44ee-4383-af20-dc521064ddb9","item_list":{"items":[{"name":"N?u an cùng m?","sku":"sku","price":"45.00","currency":"USD","quantity":3},{"name":"Funiture Design ","sku":"sku","price":"20.00","currency":"USD","quantity":1}]},"related_resources":[]}],"create_time":"2021-01-08T09:06:22Z","links":[{"href":"https://api.sandbox.paypal.com/v1/payments/payment/PAYID-L74CBDY99J12249U80831212","rel":"self","method":"GET"},{"href":"https://www.sandbox.paypal.com/cgi-bin/webscr?cmd=_express-checkout&token=EC-2PW384669G3417154","rel":"approval_url","method":"REDIRECT"},{"href":"https://api.sandbox.paypal.com/v1/payments/payment/PAYID-L74CBDY99J12249U80831212/execute","rel":"execute","method":"POST"}]}
2021-01-08 16:07:11,982       [44] DEBUG PayPal.Api.PayPalResource [(null)] Content-Type:application/x-www-form-urlencoded
2021-01-08 16:07:11,983       [44] DEBUG PayPal.Api.PayPalResource [(null)] User-Agent:PayPalSDK/PayPal-NET-SDK 1.9.1 (lang=DOTNET;v=4.5.1;clr=4.0.30319.42000;bit=64;os=Microsoft Windows NT 10.0.18363.0)
2021-01-08 16:07:11,985       [44] DEBUG PayPal.Api.PayPalResource [(null)] Authorization:Basic QVhHb1gzbkJmOFBQY2g2SkVNZ0VsSjMyWEJfRmNEd1BQMEJXNlBObGRyeVg1OGhVRk10UkZrUTV5aHB2bHhzaG5wajNHYmg3b0NhSFpudWM6RUotMzhhSFJ1aXpPclhZVm15eFdpZnI0WC03aGk0Sko5TEVETVFVNklFMnJXaVNhdl9GMVVPeHo3ZmhRSWdhcW5xdW5tVVRGRzQzRlhGTUE=
2021-01-08 16:07:11,986       [44] DEBUG PayPal.Api.PayPalResource [(null)] PayPal-Request-Id:79989cfe-c1f0-44d8-a164-98f02aebcf65
2021-01-08 16:07:11,987       [44] DEBUG PayPal.Api.HttpConnection [(null)] grant_type=client_credentials
2021-01-08 16:07:12,579       [44] DEBUG PayPal.Api.HttpConnection [(null)] Service response: 
2021-01-08 16:07:12,580       [44] DEBUG PayPal.Api.HttpConnection [(null)] {"scope":"https://uri.paypal.com/services/invoicing https://uri.paypal.com/services/disputes/read-buyer https://uri.paypal.com/services/payments/realtimepayment https://uri.paypal.com/services/disputes/update-seller https://uri.paypal.com/services/payments/payment/authcapture openid https://uri.paypal.com/services/disputes/read-seller https://uri.paypal.com/services/payments/refund https://api.paypal.com/v1/vault/credit-card https://api.paypal.com/v1/payments/.* https://uri.paypal.com/payments/payouts https://api.paypal.com/v1/vault/credit-card/.* https://uri.paypal.com/services/subscriptions https://uri.paypal.com/services/applications/webhooks","access_token":"A21AALY6nUBk-9KRPISwkm1z-zNR6tu1twu84T-PKEF5kg0ElS9Yti6cAHj_gIP1yITPZqTzqX0NhDPbDmfc0uDRbp-0Cr8eg","token_type":"Bearer","app_id":"APP-80W284485P519543T","expires_in":32351,"nonce":"2021-01-08T09:06:22Z1v8rU_NjH6sE273v9X-UkSaRAb581kGpzKSAEz-lhNY"}
2021-01-08 16:07:12,596       [44] DEBUG PayPal.Api.PayPalResource [(null)] Content-Type:application/json
2021-01-08 16:07:12,597       [44] DEBUG PayPal.Api.PayPalResource [(null)] User-Agent:PayPalSDK/PayPal-NET-SDK 1.9.1 (lang=DOTNET;v=4.5.1;clr=4.0.30319.42000;bit=64;os=Microsoft Windows NT 10.0.18363.0)
2021-01-08 16:07:12,598       [44] DEBUG PayPal.Api.PayPalResource [(null)] Authorization:Bearer A21AALY6nUBk-9KRPISwkm1z-zNR6tu1twu84T-PKEF5kg0ElS9Yti6cAHj_gIP1yITPZqTzqX0NhDPbDmfc0uDRbp-0Cr8eg
2021-01-08 16:07:12,599       [44] DEBUG PayPal.Api.PayPalResource [(null)] PayPal-Request-Id:60e62811-7663-4e97-a59e-dad80801fc93
2021-01-08 16:07:12,600       [44] DEBUG PayPal.Api.HttpConnection [(null)] {"payer_id":"4376PYTAUT9SA"}
2021-01-08 16:07:14,939       [44] DEBUG PayPal.Api.HttpConnection [(null)] Service response: 
2021-01-08 16:07:14,940       [44] DEBUG PayPal.Api.HttpConnection [(null)] {"id":"PAYID-L74CBDY99J12249U80831212","intent":"sale","state":"approved","cart":"2PW384669G3417154","payer":{"payment_method":"paypal","status":"VERIFIED","payer_info":{"email":"sb-47ozfc4533060@personal.example.com","first_name":"HUYNH","last_name":"KIET","payer_id":"4376PYTAUT9SA","shipping_address":{"recipient_name":"HUYNH KIET","line1":"1 Main St","city":"San Jose","state":"CA","postal_code":"95131","country_code":"US"},"country_code":"US"}},"transactions":[{"amount":{"total":"157.00","currency":"USD","details":{"subtotal":"155.00","tax":"1.00","shipping":"1.00","insurance":"0.00","handling_fee":"0.00","shipping_discount":"0.00","discount":"0.00"}},"payee":{"merchant_id":"PXAX9NWMDRUHW","email":"sb-w8p43m2675022@business.example.com"},"description":"V?n chuy?n v? Vi?t Nam","invoice_number":"5a7e994b-44ee-4383-af20-dc521064ddb9","item_list":{"items":[{"name":"N?u an cùng m?","sku":"sku","price":"45.00","currency":"USD","tax":"0.00","quantity":3},{"name":"Funiture Design ","sku":"sku","price":"20.00","currency":"USD","tax":"0.00","quantity":1}],"shipping_address":{"recipient_name":"HUYNH KIET","line1":"1 Main St","city":"San Jose","state":"CA","postal_code":"95131","country_code":"US"}},"related_resources":[{"sale":{"id":"4RJ54506F29917320","state":"completed","amount":{"total":"157.00","currency":"USD","details":{"subtotal":"155.00","tax":"1.00","shipping":"1.00","insurance":"0.00","handling_fee":"0.00","shipping_discount":"0.00","discount":"0.00"}},"payment_mode":"INSTANT_TRANSFER","protection_eligibility":"ELIGIBLE","protection_eligibility_type":"ITEM_NOT_RECEIVED_ELIGIBLE,UNAUTHORIZED_PAYMENT_ELIGIBLE","transaction_fee":{"value":"4.85","currency":"USD"},"parent_payment":"PAYID-L74CBDY99J12249U80831212","create_time":"2021-01-08T09:07:13Z","update_time":"2021-01-08T09:07:13Z","links":[{"href":"https://api.sandbox.paypal.com/v1/payments/sale/4RJ54506F29917320","rel":"self","method":"GET"},{"href":"https://api.sandbox.paypal.com/v1/payments/sale/4RJ54506F29917320/refund","rel":"refund","method":"POST"},{"href":"https://api.sandbox.paypal.com/v1/payments/payment/PAYID-L74CBDY99J12249U80831212","rel":"parent_payment","method":"GET"}]}}]}],"failed_transactions":[],"create_time":"2021-01-08T09:06:22Z","update_time":"2021-01-08T09:07:13Z","links":[{"href":"https://api.sandbox.paypal.com/v1/payments/payment/PAYID-L74CBDY99J12249U80831212","rel":"self","method":"GET"}]}
2021-01-12 14:05:35,508       [29] DEBUG PayPal.Api.PayPalResource [(null)] Content-Type:application/x-www-form-urlencoded
2021-01-12 14:05:35,538       [29] DEBUG PayPal.Api.PayPalResource [(null)] User-Agent:PayPalSDK/PayPal-NET-SDK 1.9.1 (lang=DOTNET;v=4.5.1;clr=4.0.30319.42000;bit=64;os=Microsoft Windows NT 10.0.18363.0)
2021-01-12 14:05:35,539       [29] DEBUG PayPal.Api.PayPalResource [(null)] Authorization:Basic QVhHb1gzbkJmOFBQY2g2SkVNZ0VsSjMyWEJfRmNEd1BQMEJXNlBObGRyeVg1OGhVRk10UkZrUTV5aHB2bHhzaG5wajNHYmg3b0NhSFpudWM6RUotMzhhSFJ1aXpPclhZVm15eFdpZnI0WC03aGk0Sko5TEVETVFVNklFMnJXaVNhdl9GMVVPeHo3ZmhRSWdhcW5xdW5tVVRGRzQzRlhGTUE=
2021-01-12 14:05:35,539       [29] DEBUG PayPal.Api.PayPalResource [(null)] PayPal-Request-Id:70ba32e7-e05c-43fb-b718-daef7b84741f
2021-01-12 14:05:35,835       [29] DEBUG PayPal.Api.HttpConnection [(null)] grant_type=client_credentials
2021-01-12 14:05:37,247       [29] DEBUG PayPal.Api.HttpConnection [(null)] Service response: 
2021-01-12 14:05:37,248       [29] DEBUG PayPal.Api.HttpConnection [(null)] {"scope":"https://uri.paypal.com/services/invoicing https://uri.paypal.com/services/disputes/read-buyer https://uri.paypal.com/services/payments/realtimepayment https://uri.paypal.com/services/disputes/update-seller https://uri.paypal.com/services/payments/payment/authcapture openid https://uri.paypal.com/services/disputes/read-seller https://uri.paypal.com/services/payments/refund https://api.paypal.com/v1/vault/credit-card https://api.paypal.com/v1/payments/.* https://uri.paypal.com/payments/payouts https://api.paypal.com/v1/vault/credit-card/.* https://uri.paypal.com/services/subscriptions https://uri.paypal.com/services/applications/webhooks","access_token":"A21AAIWNcQ6twEuC8jRgkdRu5Qyz2PxiNl-Ax9HFuxjXRR5sdUbWdE0mZo5ACP-DlmkWXvVjgSUypXYvuJX96l77Xm3oiwEoQ","token_type":"Bearer","app_id":"APP-80W284485P519543T","expires_in":32400,"nonce":"2021-01-12T07:05:36Zf65Na2IAJMP-QdimENm1nYUYjjDytmOzVcqYTTezMYY"}
2021-01-12 14:05:37,463       [29] DEBUG PayPal.Api.PayPalResource [(null)] Content-Type:application/json
2021-01-12 14:05:37,463       [29] DEBUG PayPal.Api.PayPalResource [(null)] User-Agent:PayPalSDK/PayPal-NET-SDK 1.9.1 (lang=DOTNET;v=4.5.1;clr=4.0.30319.42000;bit=64;os=Microsoft Windows NT 10.0.18363.0)
2021-01-12 14:05:37,464       [29] DEBUG PayPal.Api.PayPalResource [(null)] Authorization:Bearer A21AAIWNcQ6twEuC8jRgkdRu5Qyz2PxiNl-Ax9HFuxjXRR5sdUbWdE0mZo5ACP-DlmkWXvVjgSUypXYvuJX96l77Xm3oiwEoQ
2021-01-12 14:05:37,464       [29] DEBUG PayPal.Api.PayPalResource [(null)] PayPal-Request-Id:5bc985f7-0046-4ea2-8ad4-041deeb000aa
2021-01-12 14:05:37,465       [29] DEBUG PayPal.Api.HttpConnection [(null)] {"intent":"sale","payer":{"payment_method":"paypal"},"transactions":[{"amount":{"currency":"USD","total":"42","details":{"subtotal":"40","shipping":"1","tax":"1"}},"description":"V?n chuy?n v? Vi?t Nam","invoice_number":"bc9225a9-ab24-403e-900c-852a99a8beb8","item_list":{"items":[{"sku":"sku","name":"Tr?n tình l?nh - Lo?n Phách 2","quantity":"2","price":"20","currency":"USD"}]}}],"redirect_urls":{"return_url":"https://localhost:44354/Paypal/PaymentWithPayPal?guid=14224","cancel_url":"https://localhost:44354/Paypal/PaymentWithPayPal?guid=14224"}}
2021-01-12 14:05:38,677       [29] DEBUG PayPal.Api.HttpConnection [(null)] Service response: 
2021-01-12 14:05:38,678       [29] DEBUG PayPal.Api.HttpConnection [(null)] {"id":"PAYID-L76UUQQ2WK934360S137342D","intent":"sale","state":"created","payer":{"payment_method":"paypal"},"transactions":[{"amount":{"total":"42.00","currency":"USD","details":{"subtotal":"40.00","tax":"1.00","shipping":"1.00"}},"description":"V?n chuy?n v? Vi?t Nam","invoice_number":"bc9225a9-ab24-403e-900c-852a99a8beb8","item_list":{"items":[{"name":"Tr?n tình l?nh - Lo?n Phách 2","sku":"sku","price":"20.00","currency":"USD","quantity":2}]},"related_resources":[]}],"create_time":"2021-01-12T07:05:37Z","links":[{"href":"https://api.sandbox.paypal.com/v1/payments/payment/PAYID-L76UUQQ2WK934360S137342D","rel":"self","method":"GET"},{"href":"https://www.sandbox.paypal.com/cgi-bin/webscr?cmd=_express-checkout&token=EC-68V53243EG505981U","rel":"approval_url","method":"REDIRECT"},{"href":"https://api.sandbox.paypal.com/v1/payments/payment/PAYID-L76UUQQ2WK934360S137342D/execute","rel":"execute","method":"POST"}]}
2021-01-12 14:07:41,491       [30] DEBUG PayPal.Api.PayPalResource [(null)] Content-Type:application/x-www-form-urlencoded
2021-01-12 14:07:41,492       [30] DEBUG PayPal.Api.PayPalResource [(null)] User-Agent:PayPalSDK/PayPal-NET-SDK 1.9.1 (lang=DOTNET;v=4.5.1;clr=4.0.30319.42000;bit=64;os=Microsoft Windows NT 10.0.18363.0)
2021-01-12 14:07:41,492       [30] DEBUG PayPal.Api.PayPalResource [(null)] Authorization:Basic QVhHb1gzbkJmOFBQY2g2SkVNZ0VsSjMyWEJfRmNEd1BQMEJXNlBObGRyeVg1OGhVRk10UkZrUTV5aHB2bHhzaG5wajNHYmg3b0NhSFpudWM6RUotMzhhSFJ1aXpPclhZVm15eFdpZnI0WC03aGk0Sko5TEVETVFVNklFMnJXaVNhdl9GMVVPeHo3ZmhRSWdhcW5xdW5tVVRGRzQzRlhGTUE=
2021-01-12 14:07:41,493       [30] DEBUG PayPal.Api.PayPalResource [(null)] PayPal-Request-Id:329fa42a-9ceb-448c-ae41-454ed7e915bc
2021-01-12 14:07:41,764       [30] DEBUG PayPal.Api.HttpConnection [(null)] grant_type=client_credentials
2021-01-12 14:07:42,892       [30] DEBUG PayPal.Api.HttpConnection [(null)] Service response: 
2021-01-12 14:07:42,893       [30] DEBUG PayPal.Api.HttpConnection [(null)] {"scope":"https://uri.paypal.com/services/invoicing https://uri.paypal.com/services/disputes/read-buyer https://uri.paypal.com/services/payments/realtimepayment https://uri.paypal.com/services/disputes/update-seller https://uri.paypal.com/services/payments/payment/authcapture openid https://uri.paypal.com/services/disputes/read-seller https://uri.paypal.com/services/payments/refund https://api.paypal.com/v1/vault/credit-card https://api.paypal.com/v1/payments/.* https://uri.paypal.com/payments/payouts https://api.paypal.com/v1/vault/credit-card/.* https://uri.paypal.com/services/subscriptions https://uri.paypal.com/services/applications/webhooks","access_token":"A21AAIWNcQ6twEuC8jRgkdRu5Qyz2PxiNl-Ax9HFuxjXRR5sdUbWdE0mZo5ACP-DlmkWXvVjgSUypXYvuJX96l77Xm3oiwEoQ","token_type":"Bearer","app_id":"APP-80W284485P519543T","expires_in":32274,"nonce":"2021-01-12T07:05:36Zf65Na2IAJMP-QdimENm1nYUYjjDytmOzVcqYTTezMYY"}
2021-01-12 14:07:42,907       [30] DEBUG PayPal.Api.PayPalResource [(null)] Content-Type:application/json
2021-01-12 14:07:42,908       [30] DEBUG PayPal.Api.PayPalResource [(null)] User-Agent:PayPalSDK/PayPal-NET-SDK 1.9.1 (lang=DOTNET;v=4.5.1;clr=4.0.30319.42000;bit=64;os=Microsoft Windows NT 10.0.18363.0)
2021-01-12 14:07:42,910       [30] DEBUG PayPal.Api.PayPalResource [(null)] Authorization:Bearer A21AAIWNcQ6twEuC8jRgkdRu5Qyz2PxiNl-Ax9HFuxjXRR5sdUbWdE0mZo5ACP-DlmkWXvVjgSUypXYvuJX96l77Xm3oiwEoQ
2021-01-12 14:07:42,910       [30] DEBUG PayPal.Api.PayPalResource [(null)] PayPal-Request-Id:2e34ee00-6424-4d9d-a9e6-f7a7328a60c2
2021-01-12 14:07:42,911       [30] DEBUG PayPal.Api.HttpConnection [(null)] {"payer_id":"4376PYTAUT9SA"}
2021-01-12 14:07:45,246       [30] DEBUG PayPal.Api.HttpConnection [(null)] Service response: 
2021-01-12 14:07:45,247       [30] DEBUG PayPal.Api.HttpConnection [(null)] {"id":"PAYID-L76UUQQ2WK934360S137342D","intent":"sale","state":"approved","cart":"68V53243EG505981U","payer":{"payment_method":"paypal","status":"VERIFIED","payer_info":{"email":"sb-47ozfc4533060@personal.example.com","first_name":"HUYNH","last_name":"KIET","payer_id":"4376PYTAUT9SA","shipping_address":{"recipient_name":"HUYNH KIET","line1":"1 Main St","city":"San Jose","state":"CA","postal_code":"95131","country_code":"US"},"country_code":"US"}},"transactions":[{"amount":{"total":"42.00","currency":"USD","details":{"subtotal":"40.00","tax":"1.00","shipping":"1.00","insurance":"0.00","handling_fee":"0.00","shipping_discount":"0.00","discount":"0.00"}},"payee":{"merchant_id":"PXAX9NWMDRUHW","email":"sb-w8p43m2675022@business.example.com"},"description":"V?n chuy?n v? Vi?t Nam","invoice_number":"bc9225a9-ab24-403e-900c-852a99a8beb8","item_list":{"items":[{"name":"Tr?n tình l?nh - Lo?n Phách 2","sku":"sku","price":"20.00","currency":"USD","tax":"0.00","quantity":2}],"shipping_address":{"recipient_name":"HUYNH KIET","line1":"1 Main St","city":"San Jose","state":"CA","postal_code":"95131","country_code":"US"}},"related_resources":[{"sale":{"id":"19C311958F726082L","state":"completed","amount":{"total":"42.00","currency":"USD","details":{"subtotal":"40.00","tax":"1.00","shipping":"1.00","insurance":"0.00","handling_fee":"0.00","shipping_discount":"0.00","discount":"0.00"}},"payment_mode":"INSTANT_TRANSFER","protection_eligibility":"ELIGIBLE","protection_eligibility_type":"ITEM_NOT_RECEIVED_ELIGIBLE,UNAUTHORIZED_PAYMENT_ELIGIBLE","transaction_fee":{"value":"1.52","currency":"USD"},"parent_payment":"PAYID-L76UUQQ2WK934360S137342D","create_time":"2021-01-12T07:07:43Z","update_time":"2021-01-12T07:07:43Z","links":[{"href":"https://api.sandbox.paypal.com/v1/payments/sale/19C311958F726082L","rel":"self","method":"GET"},{"href":"https://api.sandbox.paypal.com/v1/payments/sale/19C311958F726082L/refund","rel":"refund","method":"POST"},{"href":"https://api.sandbox.paypal.com/v1/payments/payment/PAYID-L76UUQQ2WK934360S137342D","rel":"parent_payment","method":"GET"}]}}]}],"failed_transactions":[],"create_time":"2021-01-12T07:05:37Z","update_time":"2021-01-12T07:07:43Z","links":[{"href":"https://api.sandbox.paypal.com/v1/payments/payment/PAYID-L76UUQQ2WK934360S137342D","rel":"self","method":"GET"}]}
